QA output created by 002
    cdb to send: 03 01 00 00 ff 00 
SCSI Status: Check Condition 

Sense Information:
 Fixed format, current;  Sense key: Illegal Request
 Additional sense: Invalid field in cdb
 Raw sense data (in hex):
        70 00 05 00 00 00 00 0a  00 00 00 00 24 00 00 00    
        00 00                                               

Received 255 bytes of data:
 00     00 00 00 00 00 00 00 00  00 00 00 00 00 00 00 00    ................
 10     00 00 00 00 00 00 00 00  00 00 00 00 00 00 00 00    ................
 20     00 00 00 00 00 00 00 00  00 00 00 00 00 00 00 00    ................
 30     00 00 00 00 00 00 00 00  00 00 00 00 00 00 00 00    ................
 40     00 00 00 00 00 00 00 00  00 00 00 00 00 00 00 00    ................
 50     00 00 00 00 00 00 00 00  00 00 00 00 00 00 00 00    ................
 60     00 00 00 00 00 00 00 00  00 00 00 00 00 00 00 00    ................
 70     00 00 00 00 00 00 00 00  00 00 00 00 00 00 00 00    ................
 80     00 00 00 00 00 00 00 00  00 00 00 00 00 00 00 00    ................
 90     00 00 00 00 00 00 00 00  00 00 00 00 00 00 00 00    ................
 a0     00 00 00 00 00 00 00 00  00 00 00 00 00 00 00 00    ................
 b0     00 00 00 00 00 00 00 00  00 00 00 00 00 00 00 00    ................
 c0     00 00 00 00 00 00 00 00  00 00 00 00 00 00 00 00    ................
 d0     00 00 00 00 00 00 00 00  00 00 00 00 00 00 00 00    ................
 e0     00 00 00 00 00 00 00 00  00 00 00 00 00 00 00 00    ................
 f0     00 00 00 00 00 00 00 00  00 00 00 00 00 00 00       ............... 
*** done
